[debug] [2025-11-16T20:38:59.764Z] ----------------------------------------------------------------------
[debug] [2025-11-16T20:38:59.766Z] Command:       C:\Program Files\nodejs\node.exe C:\Users\Vule\AppData\Roaming\npm\node_modules\firebase-tools\lib\bin\firebase.js init
[debug] [2025-11-16T20:38:59.766Z] CLI Version:   14.1.0
[debug] [2025-11-16T20:38:59.767Z] Platform:      win32
[debug] [2025-11-16T20:38:59.767Z] Node Version:  v21.4.0
[debug] [2025-11-16T20:38:59.767Z] Time:          Sun Nov 16 2025 21:38:59 GMT+0100 (Central European Standard Time)
[debug] [2025-11-16T20:38:59.767Z] ----------------------------------------------------------------------
[debug] 
[debug] [2025-11-16T20:38:59.777Z] > command requires scopes: ["email","openid","https://www.googleapis.com/auth/cloudplatformprojects.readonly","https://www.googleapis.com/auth/firebase","https://www.googleapis.com/auth/cloud-platform"]
[debug] [2025-11-16T20:38:59.777Z] > authorizing via signed-in user (vukasin.teslic@gmail.com)
[info] 
     ######## #### ########  ######## ########     ###     ######  ########
     ##        ##  ##     ## ##       ##     ##  ##   ##  ##       ##
     ######    ##  ########  ######   ########  #########  ######  ######
     ##        ##  ##    ##  ##       ##     ## ##     ##       ## ##
     ##       #### ##     ## ######## ########  ##     ##  ######  ########

You're about to initialize a Firebase project in this directory:

  E:\VS Projekti\CleaningService-Website

[info] 
=== Project Setup
[info] 
[info] First, let's associate this project directory with a Firebase project.
[info] You can create multiple project aliases by running firebase use --add, 
[info] but for now we'll just set up a default project.
[info] 
[debug] [2025-11-16T20:40:10.193Z] Checked if tokens are valid: false, expires at: 1745192019698
[debug] [2025-11-16T20:40:10.194Z] Checked if tokens are valid: false, expires at: 1745192019698
[debug] [2025-11-16T20:40:10.194Z] > refreshing access token with scopes: []
[debug] [2025-11-16T20:40:10.197Z] >>> [apiv2][query] POST https://www.googleapis.com/oauth2/v3/token [none]
[debug] [2025-11-16T20:40:10.197Z] >>> [apiv2][body] POST https://www.googleapis.com/oauth2/v3/token [omitted]
[debug] [2025-11-16T20:40:10.444Z] <<< [apiv2][status] POST https://www.googleapis.com/oauth2/v3/token 200
[debug] [2025-11-16T20:40:10.444Z] <<< [apiv2][body] POST https://www.googleapis.com/oauth2/v3/token [omitted]
[debug] [2025-11-16T20:40:10.456Z] >>> [apiv2][query] GET https://firebase.googleapis.com/v1beta1/projects pageSize=100
[debug] [2025-11-16T20:40:11.028Z] <<< [apiv2][status] GET https://firebase.googleapis.com/v1beta1/projects 200
[debug] [2025-11-16T20:40:11.028Z] <<< [apiv2][body] GET https://firebase.googleapis.com/v1beta1/projects [omitted]
[info] i  Using project stanex-website-njegos (Stanex-Website-Njegos) 
[info] 
=== Hosting Setup
[debug] [2025-11-16T20:40:26.112Z] Checked if tokens are valid: true, expires at: 1763329209444
[debug] [2025-11-16T20:40:26.112Z] Checked if tokens are valid: true, expires at: 1763329209444
[debug] [2025-11-16T20:40:26.113Z] >>> [apiv2][query] GET https://firebase.googleapis.com/v1beta1/projects/stanex-website-njegos [none]
[debug] [2025-11-16T20:40:26.509Z] <<< [apiv2][status] GET https://firebase.googleapis.com/v1beta1/projects/stanex-website-njegos 200
[debug] [2025-11-16T20:40:26.510Z] <<< [apiv2][body] GET https://firebase.googleapis.com/v1beta1/projects/stanex-website-njegos {"projectId":"stanex-website-njegos","projectNumber":"771816481140","displayName":"Stanex-Website-Njegos","name":"projects/stanex-website-njegos","resources":{"hostingSite":"stanex-website-njegos"},"state":"ACTIVE","etag":"1_dec0ebd1-f2e7-4bc1-9fe1-2e93a0491c87"}
[info] 
[info] Your public directory is the folder (relative to your project directory) that
[info] will contain Hosting assets to be uploaded with firebase deploy. If you
[info] have a build process for your assets, use your build's output directory.
[info] 
[debug] [2025-11-16T20:41:33.566Z] >>> [apiv2][query] GET https://www.gstatic.com/firebasejs/releases.json [none]
[debug] [2025-11-16T20:41:33.718Z] <<< [apiv2][status] GET https://www.gstatic.com/firebasejs/releases.json 200
[debug] [2025-11-16T20:41:33.719Z] <<< [apiv2][body] GET https://www.gstatic.com/firebasejs/releases.json {"current":{"version":"12.6.0","browserURL":"https://www.gstatic.com/firebasejs/12.6.0/firebase.js","packageURL":"https://www.gstatic.com/firebasejs/12.6.0/firebase.tgz"},"live":{"version":"12.6","browserURL":"https://www.gstatic.com/firebasejs/live/12.6/firebase.js","packageURL":"https://www.gstatic.com/firebasejs/live/12.6/firebase.tgz"},"components":{"ai":"https://www.gstatic.com/firebasejs/12.6.0/firebase-ai.js","analytics":"https://www.gstatic.com/firebasejs/12.6.0/firebase-analytics.js","app":"https://www.gstatic.com/firebasejs/12.6.0/firebase-app.js","app-check":"https://www.gstatic.com/firebasejs/12.6.0/firebase-app-check.js","auth":"https://www.gstatic.com/firebasejs/12.6.0/firebase-auth.js","auth/cordova":"https://www.gstatic.com/firebasejs/12.6.0/firebase-auth/cordova.js","auth/web-extension":"https://www.gstatic.com/firebasejs/12.6.0/firebase-auth/web-extension.js","functions":"https://www.gstatic.com/firebasejs/12.6.0/firebase-functions.js","firestore":"https://www.gstatic.com/firebasejs/12.6.0/firebase-firestore.js","firestore/lite":"https://www.gstatic.com/firebasejs/12.6.0/firebase-firestore/lite.js","installations":"https://www.gstatic.com/firebasejs/12.6.0/firebase-installations.js","storage":"https://www.gstatic.com/firebasejs/12.6.0/firebase-storage.js","performance":"https://www.gstatic.com/firebasejs/12.6.0/firebase-performance.js","remote-config":"https://www.gstatic.com/firebasejs/12.6.0/firebase-remote-config.js","messaging":"https://www.gstatic.com/firebasejs/12.6.0/firebase-messaging.js","messaging/sw":"https://www.gstatic.com/firebasejs/12.6.0/firebase-messaging/sw.js","database":"https://www.gstatic.com/firebasejs/12.6.0/firebase-database.js","data-connect":"https://www.gstatic.com/firebasejs/12.6.0/firebase-data-connect.js","firestore.memory":"https://www.gstatic.com/firebasejs/12.6.0/firebase-firestore.memory.js"}}
[info] i  Skipping write of ./index.html 
[info] 
[info] i  Detected a .git folder at E:\VS Projekti\CleaningService-Website 
[info] i  Authorizing with GitHub to upload your service account to a GitHub repository's secrets store. 
[info] 
[info] Visit this URL on this device to log in:
[info] https://github.com/login/oauth/authorize?client_id=89cf50f02ac6aaed3484&state=201601404&redirect_uri=http%3A%2F%2Flocalhost%3A9005&scope=read%3Auser%20repo%20public_repo
[info] 
[info] Waiting for authentication...
[debug] [2025-11-16T20:42:06.535Z] >>> [apiv2][query] POST https://github.com/login/oauth/access_token [none]
[debug] [2025-11-16T20:42:06.535Z] >>> [apiv2][body] POST https://github.com/login/oauth/access_token [stream]
[debug] [2025-11-16T20:42:06.853Z] <<< [apiv2][status] POST https://github.com/login/oauth/access_token 200
[debug] [2025-11-16T20:42:06.854Z] <<< [apiv2][body] POST https://github.com/login/oauth/access_token {"access_token":"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","token_type":"bearer","scope":"read:user,repo"}
[debug] [2025-11-16T20:42:06.862Z] >>> [apiv2][query] GET https://api.github.com/user [none]
[debug] [2025-11-16T20:42:07.248Z] <<< [apiv2][status] GET https://api.github.com/user 200
[debug] [2025-11-16T20:42:07.248Z] <<< [apiv2][body] GET https://api.github.com/user {"login":"05vukasin","id":123950544,"node_id":"U_kgDOB2NV0A","avatar_url":"https://avatars.githubusercontent.com/u/123950544?v=4","gravatar_id":"","url":"https://api.github.com/users/05vukasin","html_url":"https://github.com/05vukasin","followers_url":"https://api.github.com/users/05vukasin/followers","following_url":"https://api.github.com/users/05vukasin/following{/other_user}","gists_url":"https://api.github.com/users/05vukasin/gists{/gist_id}","starred_url":"https://api.github.com/users/05vukasin/starred{/owner}{/repo}","subscriptions_url":"https://api.github.com/users/05vukasin/subscriptions","organizations_url":"https://api.github.com/users/05vukasin/orgs","repos_url":"https://api.github.com/users/05vukasin/repos","events_url":"https://api.github.com/users/05vukasin/events{/privacy}","received_events_url":"https://api.github.com/users/05vukasin/received_events","type":"User","user_view_type":"private","site_admin":false,"name":null,"company":null,"blog":"","location":null,"email":null,"hireable":null,"bio":null,"twitter_username":null,"notification_email":null,"public_repos":57,"public_gists":0,"followers":0,"following":0,"created_at":"2023-01-30T11:35:00Z","updated_at":"2025-11-16T17:41:37Z","private_gists":0,"total_private_repos":38,"owned_private_repos":38,"disk_usage":2180590,"collaborators":6,"two_factor_authentication":true,"plan":{"name":"free","space":976562499,"collaborators":0,"private_repos":10000}}
[info] 
[info] +  Success! Logged into GitHub as 05vukasin 
[info] 
